{"/home/mbroumsadja/germin/src/create_project.js": {"path":"/home/mbroumsadja/germin/src/create_project.js","statementMap":{"0":{"start":{"line":1,"column":11},"end":{"line":1,"column":33}},"1":{"start":{"line":2,"column":13},"end":{"line":2,"column":28}},"2":{"start":{"line":3,"column":17},"end":{"line":3,"column":41}},"3":{"start":{"line":4,"column":13},"end":{"line":4,"column":28}},"4":{"start":{"line":5,"column":12},"end":{"line":5,"column":26}},"5":{"start":{"line":6,"column":14},"end":{"line":6,"column":30}},"6":{"start":{"line":7,"column":15},"end":{"line":7,"column":32}},"7":{"start":{"line":8,"column":17},"end":{"line":8,"column":36}},"8":{"start":{"line":9,"column":18},"end":{"line":9,"column":40}},"9":{"start":{"line":10,"column":29},"end":{"line":10,"column":47}},"10":{"start":{"line":11,"column":24},"end":{"line":11,"column":50}},"11":{"start":{"line":12,"column":31},"end":{"line":12,"column":51}},"12":{"start":{"line":13,"column":24},"end":{"line":13,"column":47}},"13":{"start":{"line":14,"column":18},"end":{"line":14,"column":35}},"14":{"start":{"line":15,"column":18},"end":{"line":15,"column":38}},"15":{"start":{"line":18,"column":37},"end":{"line":18,"column":44}},"16":{"start":{"line":19,"column":23},"end":{"line":37,"column":3}},"17":{"start":{"line":38,"column":2},"end":{"line":49,"column":3}},"18":{"start":{"line":39,"column":4},"end":{"line":42,"column":6}},"19":{"start":{"line":43,"column":20},"end":{"line":43,"column":78}},"20":{"start":{"line":44,"column":4},"end":{"line":44,"column":58}},"21":{"start":{"line":45,"column":4},"end":{"line":45,"column":60}},"22":{"start":{"line":47,"column":4},"end":{"line":47,"column":94}},"23":{"start":{"line":48,"column":4},"end":{"line":48,"column":16}},"24":{"start":{"line":53,"column":36},"end":{"line":53,"column":43}},"25":{"start":{"line":54,"column":2},"end":{"line":54,"column":24}},"26":{"start":{"line":54,"column":17},"end":{"line":54,"column":24}},"27":{"start":{"line":56,"column":18},"end":{"line":56,"column":69}},"28":{"start":{"line":57,"column":2},"end":{"line":88,"column":3}},"29":{"start":{"line":58,"column":4},"end":{"line":58,"column":55}},"30":{"start":{"line":59,"column":4},"end":{"line":62,"column":6}},"31":{"start":{"line":63,"column":4},"end":{"line":63,"column":58}},"32":{"start":{"line":65,"column":4},"end":{"line":84,"column":5}},"33":{"start":{"line":66,"column":30},"end":{"line":73,"column":7}},"34":{"start":{"line":71,"column":31},"end":{"line":71,"column":131}},"35":{"start":{"line":74,"column":28},"end":{"line":74,"column":66}},"36":{"start":{"line":75,"column":22},"end":{"line":75,"column":51}},"37":{"start":{"line":77,"column":6},"end":{"line":77,"column":58}},"38":{"start":{"line":78,"column":6},"end":{"line":78,"column":79}},"39":{"start":{"line":79,"column":6},"end":{"line":79,"column":81}},"40":{"start":{"line":80,"column":6},"end":{"line":80,"column":62}},"41":{"start":{"line":81,"column":6},"end":{"line":81,"column":76}},"42":{"start":{"line":82,"column":6},"end":{"line":82,"column":58}},"43":{"start":{"line":83,"column":6},"end":{"line":83,"column":48}},"44":{"start":{"line":86,"column":4},"end":{"line":86,"column":83}},"45":{"start":{"line":87,"column":4},"end":{"line":87,"column":16}},"46":{"start":{"line":92,"column":2},"end":{"line":97,"column":3}},"47":{"start":{"line":93,"column":4},"end":{"line":93,"column":64}},"48":{"start":{"line":94,"column":4},"end":{"line":94,"column":88}},"49":{"start":{"line":96,"column":4},"end":{"line":96,"column":76}},"50":{"start":{"line":101,"column":25},"end":{"line":105,"column":3}},"51":{"start":{"line":106,"column":2},"end":{"line":112,"column":3}},"52":{"start":{"line":107,"column":4},"end":{"line":111,"column":5}},"53":{"start":{"line":108,"column":6},"end":{"line":108,"column":28}},"54":{"start":{"line":110,"column":6},"end":{"line":110,"column":61}},"55":{"start":{"line":116,"column":21},"end":{"line":116,"column":23}},"56":{"start":{"line":117,"column":2},"end":{"line":165,"column":3}},"57":{"start":{"line":118,"column":4},"end":{"line":118,"column":23}},"58":{"start":{"line":119,"column":4},"end":{"line":121,"column":6}},"59":{"start":{"line":122,"column":4},"end":{"line":126,"column":6}},"60":{"start":{"line":128,"column":20},"end":{"line":128,"column":39}},"61":{"start":{"line":134,"column":8},"end":{"line":134,"column":15}},"62":{"start":{"line":135,"column":4},"end":{"line":135,"column":58}},"63":{"start":{"line":137,"column":4},"end":{"line":142,"column":6}},"64":{"start":{"line":143,"column":4},"end":{"line":143,"column":59}},"65":{"start":{"line":144,"column":4},"end":{"line":144,"column":67}},"66":{"start":{"line":145,"column":4},"end":{"line":145,"column":48}},"67":{"start":{"line":146,"column":4},"end":{"line":146,"column":46}},"68":{"start":{"line":148,"column":4},"end":{"line":152,"column":6}},"69":{"start":{"line":153,"column":4},"end":{"line":153,"column":51}},"70":{"start":{"line":154,"column":4},"end":{"line":154,"column":41}},"71":{"start":{"line":155,"column":4},"end":{"line":155,"column":34}},"72":{"start":{"line":156,"column":4},"end":{"line":156,"column":34}},"73":{"start":{"line":157,"column":4},"end":{"line":159,"column":6}},"74":{"start":{"line":160,"column":4},"end":{"line":160,"column":64}},"75":{"start":{"line":162,"column":4},"end":{"line":162,"column":60}},"76":{"start":{"line":162,"column":22},"end":{"line":162,"column":60}},"77":{"start":{"line":163,"column":4},"end":{"line":163,"column":58}},"78":{"start":{"line":164,"column":4},"end":{"line":164,"column":16}},"79":{"start":{"line":168,"column":0},"end":{"line":168,"column":36}}},"fnMap":{"0":{"name":"create_package_json","decl":{"start":{"line":17,"column":15},"end":{"line":17,"column":34}},"loc":{"start":{"line":17,"column":72},"end":{"line":50,"column":1}},"line":17},"1":{"name":"initialise_git","decl":{"start":{"line":52,"column":15},"end":{"line":52,"column":29}},"loc":{"start":{"line":52,"column":53},"end":{"line":89,"column":1}},"line":52},"2":{"name":"(anonymous_2)","decl":{"start":{"line":71,"column":20},"end":{"line":71,"column":21}},"loc":{"start":{"line":71,"column":31},"end":{"line":71,"column":131}},"line":71},"3":{"name":"clean_up_on_error","decl":{"start":{"line":91,"column":15},"end":{"line":91,"column":32}},"loc":{"start":{"line":91,"column":47},"end":{"line":98,"column":1}},"line":91},"4":{"name":"verify_critical_files","decl":{"start":{"line":100,"column":15},"end":{"line":100,"column":36}},"loc":{"start":{"line":100,"column":51},"end":{"line":113,"column":1}},"line":100},"5":{"name":"create_project","decl":{"start":{"line":115,"column":15},"end":{"line":115,"column":29}},"loc":{"start":{"line":115,"column":32},"end":{"line":166,"column":1}},"line":115}},"branchMap":{"0":{"loc":{"start":{"line":34,"column":10},"end":{"line":34,"column":66}},"type":"binary-expr","locations":[{"start":{"line":34,"column":10},"end":{"line":34,"column":39}},{"start":{"line":34,"column":43},"end":{"line":34,"column":66}}],"line":34},"1":{"loc":{"start":{"line":35,"column":10},"end":{"line":35,"column":62}},"type":"binary-expr","locations":[{"start":{"line":35,"column":10},"end":{"line":35,"column":34}},{"start":{"line":35,"column":38},"end":{"line":35,"column":62}}],"line":35},"2":{"loc":{"start":{"line":54,"column":2},"end":{"line":54,"column":24}},"type":"if","locations":[{"start":{"line":54,"column":2},"end":{"line":54,"column":24}},{"start":{},"end":{}}],"line":54},"3":{"loc":{"start":{"line":65,"column":4},"end":{"line":84,"column":5}},"type":"if","locations":[{"start":{"line":65,"column":4},"end":{"line":84,"column":5}},{"start":{},"end":{}}],"line":65},"4":{"loc":{"start":{"line":71,"column":31},"end":{"line":71,"column":131}},"type":"cond-expr","locations":[{"start":{"line":71,"column":73},"end":{"line":71,"column":77}},{"start":{"line":71,"column":80},"end":{"line":71,"column":131}}],"line":71},"5":{"loc":{"start":{"line":162,"column":4},"end":{"line":162,"column":60}},"type":"if","locations":[{"start":{"line":162,"column":4},"end":{"line":162,"column":60}},{"start":{},"end":{}}],"line":162}},"s":{"0":1,"1":1,"2":1,"3":1,"4":1,"5":1,"6":1,"7":1,"8":1,"9":1,"10":1,"11":1,"12":1,"13":1,"14":1,"15":1,"16":1,"17":1,"18":1,"19":1,"20":1,"21":1,"22":0,"23":0,"24":1,"25":1,"26":0,"27":1,"28":1,"29":1,"30":1,"31":1,"32":1,"33":1,"34":0,"35":1,"36":1,"37":1,"38":1,"39":1,"40":1,"41":1,"42":1,"43":1,"44":0,"45":0,"46":1,"47":1,"48":1,"49":0,"50":1,"51":1,"52":1,"53":1,"54":1,"55":1,"56":1,"57":1,"58":1,"59":1,"60":1,"61":1,"62":1,"63":1,"64":1,"65":1,"66":1,"67":1,"68":0,"69":0,"70":0,"71":0,"72":0,"73":0,"74":0,"75":1,"76":1,"77":1,"78":1,"79":1},"f":{"0":1,"1":1,"2":0,"3":1,"4":1,"5":1},"b":{"0":[1,0],"1":[1,0],"2":[0,1],"3":[1,0],"4":[0,0],"5":[1,0]},"_coverageSchema":"1a1c01bbd47fc00a2c39e90264f33305004495a9","hash":"81a445d244dd60ed6b15f0a2aec4a8d63e580e1b"}
,"/home/mbroumsadja/germin/src/dossier.js": {"path":"/home/mbroumsadja/germin/src/dossier.js","statementMap":{"0":{"start":{"line":1,"column":11},"end":{"line":1,"column":33}},"1":{"start":{"line":2,"column":13},"end":{"line":2,"column":28}},"2":{"start":{"line":3,"column":12},"end":{"line":3,"column":26}},"3":{"start":{"line":4,"column":18},"end":{"line":4,"column":35}},"4":{"start":{"line":12,"column":18},"end":{"line":12,"column":63}},"5":{"start":{"line":13,"column":2},"end":{"line":29,"column":3}},"6":{"start":{"line":14,"column":4},"end":{"line":14,"column":33}},"7":{"start":{"line":15,"column":4},"end":{"line":15,"column":58}},"8":{"start":{"line":16,"column":4},"end":{"line":16,"column":55}},"9":{"start":{"line":17,"column":4},"end":{"line":17,"column":58}},"10":{"start":{"line":18,"column":4},"end":{"line":18,"column":59}},"11":{"start":{"line":19,"column":4},"end":{"line":22,"column":9}},"12":{"start":{"line":20,"column":6},"end":{"line":22,"column":9}},"13":{"start":{"line":23,"column":4},"end":{"line":23,"column":76}},"14":{"start":{"line":23,"column":23},"end":{"line":23,"column":76}},"15":{"start":{"line":24,"column":4},"end":{"line":24,"column":67}},"16":{"start":{"line":24,"column":17},"end":{"line":24,"column":67}},"17":{"start":{"line":25,"column":4},"end":{"line":25,"column":42}},"18":{"start":{"line":27,"column":4},"end":{"line":27,"column":58}},"19":{"start":{"line":28,"column":4},"end":{"line":28,"column":16}},"20":{"start":{"line":32,"column":0},"end":{"line":32,"column":40}}},"fnMap":{"0":{"name":"create_directories","decl":{"start":{"line":6,"column":15},"end":{"line":6,"column":33}},"loc":{"start":{"line":11,"column":2},"end":{"line":30,"column":1}},"line":11}},"branchMap":{"0":{"loc":{"start":{"line":19,"column":4},"end":{"line":22,"column":9}},"type":"if","locations":[{"start":{"line":19,"column":4},"end":{"line":22,"column":9}},{"start":{},"end":{}}],"line":19},"1":{"loc":{"start":{"line":23,"column":4},"end":{"line":23,"column":76}},"type":"if","locations":[{"start":{"line":23,"column":4},"end":{"line":23,"column":76}},{"start":{},"end":{}}],"line":23},"2":{"loc":{"start":{"line":24,"column":4},"end":{"line":24,"column":67}},"type":"if","locations":[{"start":{"line":24,"column":4},"end":{"line":24,"column":67}},{"start":{},"end":{}}],"line":24}},"s":{"0":1,"1":1,"2":1,"3":1,"4":1,"5":1,"6":1,"7":1,"8":1,"9":1,"10":1,"11":1,"12":0,"13":1,"14":0,"15":1,"16":1,"17":1,"18":0,"19":0,"20":1},"f":{"0":1},"b":{"0":[0,1],"1":[0,1],"2":[1,0]},"_coverageSchema":"1a1c01bbd47fc00a2c39e90264f33305004495a9","hash":"69a703daa4eda40bde98bae6954ea7c424ce81c2"}
,"/home/mbroumsadja/germin/src/fichier.js": {"path":"/home/mbroumsadja/germin/src/fichier.js","statementMap":{"0":{"start":{"line":1,"column":12},"end":{"line":1,"column":26}},"1":{"start":{"line":2,"column":11},"end":{"line":2,"column":33}},"2":{"start":{"line":3,"column":13},"end":{"line":3,"column":28}},"3":{"start":{"line":4,"column":18},"end":{"line":4,"column":35}},"4":{"start":{"line":5,"column":18},"end":{"line":5,"column":40}},"5":{"start":{"line":8,"column":52},"end":{"line":8,"column":59}},"6":{"start":{"line":9,"column":18},"end":{"line":9,"column":60}},"7":{"start":{"line":10,"column":2},"end":{"line":62,"column":3}},"8":{"start":{"line":11,"column":25},"end":{"line":28,"column":5}},"9":{"start":{"line":29,"column":4},"end":{"line":36,"column":5}},"10":{"start":{"line":30,"column":6},"end":{"line":30,"column":91}},"11":{"start":{"line":31,"column":26},"end":{"line":31,"column":68}},"12":{"start":{"line":32,"column":6},"end":{"line":35,"column":8}},"13":{"start":{"line":37,"column":4},"end":{"line":46,"column":5}},"14":{"start":{"line":38,"column":6},"end":{"line":45,"column":8}},"15":{"start":{"line":47,"column":4},"end":{"line":56,"column":5}},"16":{"start":{"line":48,"column":6},"end":{"line":55,"column":8}},"17":{"start":{"line":57,"column":4},"end":{"line":57,"column":36}},"18":{"start":{"line":58,"column":4},"end":{"line":58,"column":39}},"19":{"start":{"line":60,"column":4},"end":{"line":60,"column":72}},"20":{"start":{"line":61,"column":4},"end":{"line":61,"column":16}},"21":{"start":{"line":65,"column":0},"end":{"line":65,"column":33}}},"fnMap":{"0":{"name":"create_file","decl":{"start":{"line":7,"column":15},"end":{"line":7,"column":26}},"loc":{"start":{"line":7,"column":64},"end":{"line":63,"column":1}},"line":7}},"branchMap":{"0":{"loc":{"start":{"line":29,"column":4},"end":{"line":36,"column":5}},"type":"if","locations":[{"start":{"line":29,"column":4},"end":{"line":36,"column":5}},{"start":{},"end":{}}],"line":29},"1":{"loc":{"start":{"line":37,"column":4},"end":{"line":46,"column":5}},"type":"if","locations":[{"start":{"line":37,"column":4},"end":{"line":46,"column":5}},{"start":{},"end":{}}],"line":37},"2":{"loc":{"start":{"line":41,"column":10},"end":{"line":43,"column":47}},"type":"cond-expr","locations":[{"start":{"line":42,"column":14},"end":{"line":42,"column":47}},{"start":{"line":43,"column":14},"end":{"line":43,"column":47}}],"line":41},"3":{"loc":{"start":{"line":47,"column":4},"end":{"line":56,"column":5}},"type":"if","locations":[{"start":{"line":47,"column":4},"end":{"line":56,"column":5}},{"start":{},"end":{}}],"line":47},"4":{"loc":{"start":{"line":51,"column":10},"end":{"line":53,"column":52}},"type":"cond-expr","locations":[{"start":{"line":52,"column":14},"end":{"line":52,"column":58}},{"start":{"line":53,"column":14},"end":{"line":53,"column":52}}],"line":51}},"s":{"0":1,"1":1,"2":1,"3":1,"4":1,"5":1,"6":1,"7":1,"8":1,"9":1,"10":0,"11":0,"12":0,"13":1,"14":1,"15":1,"16":0,"17":1,"18":1,"19":0,"20":0,"21":1},"f":{"0":1},"b":{"0":[0,1],"1":[1,0],"2":[0,1],"3":[0,1],"4":[0,0]},"_coverageSchema":"1a1c01bbd47fc00a2c39e90264f33305004495a9","hash":"63268a1ecfedf9932c120ffa94b8d150bd8842e4"}
,"/home/mbroumsadja/germin/src/path.js": {"path":"/home/mbroumsadja/germin/src/path.js","statementMap":{"0":{"start":{"line":1,"column":14},"end":{"line":15,"column":1}},"1":{"start":{"line":16,"column":0},"end":{"line":16,"column":27}}},"fnMap":{},"branchMap":{},"s":{"0":1,"1":1},"f":{},"b":{},"_coverageSchema":"1a1c01bbd47fc00a2c39e90264f33305004495a9","hash":"e195bb6eca39e1decc6c00ab1ae126e1a1e04bca"}
,"/home/mbroumsadja/germin/src/questionnaire.js": {"path":"/home/mbroumsadja/germin/src/questionnaire.js","statementMap":{"0":{"start":{"line":1,"column":17},"end":{"line":1,"column":36}},"1":{"start":{"line":2,"column":11},"end":{"line":2,"column":33}},"2":{"start":{"line":3,"column":13},"end":{"line":3,"column":28}},"3":{"start":{"line":4,"column":14},"end":{"line":4,"column":30}},"4":{"start":{"line":7,"column":20},"end":{"line":72,"column":19}},"5":{"start":{"line":16,"column":10},"end":{"line":18,"column":11}},"6":{"start":{"line":17,"column":12},"end":{"line":17,"column":116}},"7":{"start":{"line":19,"column":25},"end":{"line":22,"column":31}},"8":{"start":{"line":21,"column":24},"end":{"line":21,"column":28}},"9":{"start":{"line":22,"column":25},"end":{"line":22,"column":30}},"10":{"start":{"line":23,"column":10},"end":{"line":23,"column":81}},"11":{"start":{"line":38,"column":25},"end":{"line":38,"column":73}},"12":{"start":{"line":70,"column":25},"end":{"line":70,"column":41}},"13":{"start":{"line":74,"column":18},"end":{"line":74,"column":50}},"14":{"start":{"line":76,"column":2},"end":{"line":78,"column":3}},"15":{"start":{"line":77,"column":4},"end":{"line":77,"column":59}},"16":{"start":{"line":79,"column":2},"end":{"line":79,"column":17}},"17":{"start":{"line":82,"column":0},"end":{"line":82,"column":33}}},"fnMap":{"0":{"name":"prompt_user","decl":{"start":{"line":6,"column":15},"end":{"line":6,"column":26}},"loc":{"start":{"line":6,"column":29},"end":{"line":80,"column":1}},"line":6},"1":{"name":"(anonymous_1)","decl":{"start":{"line":15,"column":18},"end":{"line":15,"column":19}},"loc":{"start":{"line":15,"column":35},"end":{"line":24,"column":9}},"line":15},"2":{"name":"(anonymous_2)","decl":{"start":{"line":21,"column":18},"end":{"line":21,"column":19}},"loc":{"start":{"line":21,"column":24},"end":{"line":21,"column":28}},"line":21},"3":{"name":"(anonymous_3)","decl":{"start":{"line":22,"column":19},"end":{"line":22,"column":20}},"loc":{"start":{"line":22,"column":25},"end":{"line":22,"column":30}},"line":22},"4":{"name":"(anonymous_4)","decl":{"start":{"line":38,"column":12},"end":{"line":38,"column":13}},"loc":{"start":{"line":38,"column":25},"end":{"line":38,"column":73}},"line":38},"5":{"name":"(anonymous_5)","decl":{"start":{"line":70,"column":12},"end":{"line":70,"column":13}},"loc":{"start":{"line":70,"column":25},"end":{"line":70,"column":41}},"line":70}},"branchMap":{"0":{"loc":{"start":{"line":8,"column":4},"end":{"line":25,"column":7}},"type":"cond-expr","locations":[{"start":{"line":9,"column":8},"end":{"line":9,"column":12}},{"start":{"line":10,"column":8},"end":{"line":25,"column":7}}],"line":8},"1":{"loc":{"start":{"line":16,"column":10},"end":{"line":18,"column":11}},"type":"if","locations":[{"start":{"line":16,"column":10},"end":{"line":18,"column":11}},{"start":{},"end":{}}],"line":16},"2":{"loc":{"start":{"line":23,"column":17},"end":{"line":23,"column":80}},"type":"cond-expr","locations":[{"start":{"line":23,"column":26},"end":{"line":23,"column":73}},{"start":{"line":23,"column":76},"end":{"line":23,"column":80}}],"line":23},"3":{"loc":{"start":{"line":76,"column":2},"end":{"line":78,"column":3}},"type":"if","locations":[{"start":{"line":76,"column":2},"end":{"line":78,"column":3}},{"start":{},"end":{}}],"line":76}},"s":{"0":1,"1":1,"2":1,"3":1,"4":1,"5":0,"6":0,"7":0,"8":0,"9":0,"10":0,"11":0,"12":0,"13":1,"14":1,"15":0,"16":1,"17":1},"f":{"0":1,"1":0,"2":0,"3":0,"4":0,"5":0},"b":{"0":[0,1],"1":[0,0],"2":[0,0],"3":[0,1]},"_coverageSchema":"1a1c01bbd47fc00a2c39e90264f33305004495a9","hash":"f1de21cf6cc7d06935c945f2e5896b9b2b50b2ec"}
,"/home/mbroumsadja/germin/src/templates.js": {"path":"/home/mbroumsadja/germin/src/templates.js","statementMap":{"0":{"start":{"line":1,"column":18},"end":{"line":866,"column":1}},"1":{"start":{"line":6,"column":17},"end":{"line":6,"column":195}},"2":{"start":{"line":16,"column":66},"end":{"line":47,"column":3}},"3":{"start":{"line":54,"column":35},"end":{"line":119,"column":3}},"4":{"start":{"line":126,"column":29},"end":{"line":203,"column":3}},"5":{"start":{"line":210,"column":24},"end":{"line":226,"column":3}},"6":{"start":{"line":233,"column":24},"end":{"line":249,"column":3}},"7":{"start":{"line":258,"column":64},"end":{"line":656,"column":3}},"8":{"start":{"line":668,"column":93},"end":{"line":778,"column":3}},"9":{"start":{"line":804,"column":17},"end":{"line":865,"column":3}},"10":{"start":{"line":868,"column":0},"end":{"line":868,"column":27}}},"fnMap":{"0":{"name":"(anonymous_0)","decl":{"start":{"line":6,"column":11},"end":{"line":6,"column":12}},"loc":{"start":{"line":6,"column":17},"end":{"line":6,"column":195}},"line":6},"1":{"name":"(anonymous_1)","decl":{"start":{"line":16,"column":8},"end":{"line":16,"column":9}},"loc":{"start":{"line":16,"column":66},"end":{"line":47,"column":3}},"line":16},"2":{"name":"(anonymous_2)","decl":{"start":{"line":54,"column":17},"end":{"line":54,"column":18}},"loc":{"start":{"line":54,"column":35},"end":{"line":119,"column":3}},"line":54},"3":{"name":"(anonymous_3)","decl":{"start":{"line":126,"column":11},"end":{"line":126,"column":12}},"loc":{"start":{"line":126,"column":29},"end":{"line":203,"column":3}},"line":126},"4":{"name":"(anonymous_4)","decl":{"start":{"line":210,"column":6},"end":{"line":210,"column":7}},"loc":{"start":{"line":210,"column":24},"end":{"line":226,"column":3}},"line":210},"5":{"name":"(anonymous_5)","decl":{"start":{"line":233,"column":6},"end":{"line":233,"column":7}},"loc":{"start":{"line":233,"column":24},"end":{"line":249,"column":3}},"line":233},"6":{"name":"(anonymous_6)","decl":{"start":{"line":258,"column":15},"end":{"line":258,"column":16}},"loc":{"start":{"line":258,"column":64},"end":{"line":656,"column":3}},"line":258},"7":{"name":"(anonymous_7)","decl":{"start":{"line":668,"column":10},"end":{"line":668,"column":11}},"loc":{"start":{"line":668,"column":93},"end":{"line":778,"column":3}},"line":668},"8":{"name":"(anonymous_8)","decl":{"start":{"line":804,"column":11},"end":{"line":804,"column":12}},"loc":{"start":{"line":804,"column":17},"end":{"line":865,"column":3}},"line":804}},"branchMap":{"0":{"loc":{"start":{"line":23,"column":4},"end":{"line":23,"column":102}},"type":"cond-expr","locations":[{"start":{"line":23,"column":21},"end":{"line":23,"column":97}},{"start":{"line":23,"column":100},"end":{"line":23,"column":102}}],"line":23},"1":{"loc":{"start":{"line":24,"column":4},"end":{"line":24,"column":145}},"type":"cond-expr","locations":[{"start":{"line":24,"column":36},"end":{"line":24,"column":140}},{"start":{"line":24,"column":143},"end":{"line":24,"column":145}}],"line":24},"2":{"loc":{"start":{"line":27,"column":4},"end":{"line":27,"column":70}},"type":"cond-expr","locations":[{"start":{"line":27,"column":14},"end":{"line":27,"column":65}},{"start":{"line":27,"column":68},"end":{"line":27,"column":70}}],"line":27},"3":{"loc":{"start":{"line":265,"column":6},"end":{"line":265,"column":105}},"type":"cond-expr","locations":[{"start":{"line":265,"column":23},"end":{"line":265,"column":100}},{"start":{"line":265,"column":103},"end":{"line":265,"column":105}}],"line":265},"4":{"loc":{"start":{"line":266,"column":6},"end":{"line":266,"column":147}},"type":"cond-expr","locations":[{"start":{"line":266,"column":38},"end":{"line":266,"column":142}},{"start":{"line":266,"column":145},"end":{"line":266,"column":147}}],"line":266},"5":{"loc":{"start":{"line":682,"column":43},"end":{"line":682,"column":116}},"type":"cond-expr","locations":[{"start":{"line":682,"column":75},"end":{"line":682,"column":111}},{"start":{"line":682,"column":114},"end":{"line":682,"column":116}}],"line":682},"6":{"loc":{"start":{"line":683,"column":30},"end":{"line":683,"column":103}},"type":"cond-expr","locations":[{"start":{"line":683,"column":40},"end":{"line":683,"column":73}},{"start":{"line":683,"column":76},"end":{"line":683,"column":103}}],"line":683},"7":{"loc":{"start":{"line":685,"column":30},"end":{"line":685,"column":129}},"type":"cond-expr","locations":[{"start":{"line":685,"column":47},"end":{"line":685,"column":99}},{"start":{"line":685,"column":102},"end":{"line":685,"column":129}}],"line":685},"8":{"loc":{"start":{"line":686,"column":30},"end":{"line":686,"column":119}},"type":"cond-expr","locations":[{"start":{"line":686,"column":46},"end":{"line":686,"column":89}},{"start":{"line":686,"column":92},"end":{"line":686,"column":119}}],"line":686},"9":{"loc":{"start":{"line":693,"column":2},"end":{"line":693,"column":78}},"type":"cond-expr","locations":[{"start":{"line":693,"column":13},"end":{"line":693,"column":73}},{"start":{"line":693,"column":76},"end":{"line":693,"column":78}}],"line":693}},"s":{"0":1,"1":0,"2":1,"3":0,"4":0,"5":1,"6":0,"7":1,"8":1,"9":1,"10":1},"f":{"0":0,"1":1,"2":0,"3":0,"4":1,"5":0,"6":1,"7":1,"8":1},"b":{"0":[0,1],"1":[0,1],"2":[1,0],"3":[0,1],"4":[0,1],"5":[0,1],"6":[1,0],"7":[0,1],"8":[0,1],"9":[0,1]},"_coverageSchema":"1a1c01bbd47fc00a2c39e90264f33305004495a9","hash":"41b9c3cb8722af30e25ef84e1c547bbd083c9a66"}
,"/home/mbroumsadja/germin/src/utils.js": {"path":"/home/mbroumsadja/germin/src/utils.js","statementMap":{"0":{"start":{"line":1,"column":21},"end":{"line":1,"column":45}},"1":{"start":{"line":10,"column":2},"end":{"line":12,"column":3}},"2":{"start":{"line":11,"column":4},"end":{"line":11,"column":11}},"3":{"start":{"line":14,"column":2},"end":{"line":20,"column":3}},"4":{"start":{"line":15,"column":4},"end":{"line":15,"column":52}},"5":{"start":{"line":17,"column":4},"end":{"line":19,"column":6}},"6":{"start":{"line":21,"column":2},"end":{"line":27,"column":3}},"7":{"start":{"line":22,"column":4},"end":{"line":22,"column":51}},"8":{"start":{"line":24,"column":4},"end":{"line":26,"column":6}},"9":{"start":{"line":28,"column":2},"end":{"line":34,"column":3}},"10":{"start":{"line":29,"column":4},"end":{"line":29,"column":51}},"11":{"start":{"line":31,"column":4},"end":{"line":33,"column":6}},"12":{"start":{"line":37,"column":0},"end":{"line":37,"column":38}}},"fnMap":{"0":{"name":"check_requisites","decl":{"start":{"line":8,"column":9},"end":{"line":8,"column":25}},"loc":{"start":{"line":8,"column":28},"end":{"line":35,"column":1}},"line":8}},"branchMap":{"0":{"loc":{"start":{"line":10,"column":2},"end":{"line":12,"column":3}},"type":"if","locations":[{"start":{"line":10,"column":2},"end":{"line":12,"column":3}},{"start":{},"end":{}}],"line":10}},"s":{"0":1,"1":1,"2":1,"3":0,"4":0,"5":0,"6":0,"7":0,"8":0,"9":0,"10":0,"11":0,"12":1},"f":{"0":1},"b":{"0":[1,0]},"_coverageSchema":"1a1c01bbd47fc00a2c39e90264f33305004495a9","hash":"06c4e19ff6c9fe461bafb01d8f0d972dac908bfc"}
}
