{"/home/mbroumsadja/germin/src/create_project.js": {"path":"/home/mbroumsadja/germin/src/create_project.js","statementMap":{"0":{"start":{"line":1,"column":11},"end":{"line":1,"column":33}},"1":{"start":{"line":2,"column":13},"end":{"line":2,"column":28}},"2":{"start":{"line":3,"column":17},"end":{"line":3,"column":41}},"3":{"start":{"line":4,"column":13},"end":{"line":4,"column":28}},"4":{"start":{"line":5,"column":12},"end":{"line":5,"column":26}},"5":{"start":{"line":6,"column":14},"end":{"line":6,"column":30}},"6":{"start":{"line":7,"column":15},"end":{"line":7,"column":32}},"7":{"start":{"line":8,"column":17},"end":{"line":8,"column":36}},"8":{"start":{"line":9,"column":18},"end":{"line":9,"column":40}},"9":{"start":{"line":10,"column":29},"end":{"line":10,"column":47}},"10":{"start":{"line":11,"column":24},"end":{"line":11,"column":50}},"11":{"start":{"line":12,"column":31},"end":{"line":12,"column":51}},"12":{"start":{"line":13,"column":24},"end":{"line":13,"column":47}},"13":{"start":{"line":14,"column":18},"end":{"line":14,"column":35}},"14":{"start":{"line":15,"column":18},"end":{"line":15,"column":38}},"15":{"start":{"line":18,"column":37},"end":{"line":18,"column":44}},"16":{"start":{"line":19,"column":23},"end":{"line":38,"column":3}},"17":{"start":{"line":39,"column":2},"end":{"line":52,"column":3}},"18":{"start":{"line":40,"column":4},"end":{"line":43,"column":6}},"19":{"start":{"line":44,"column":20},"end":{"line":44,"column":78}},"20":{"start":{"line":45,"column":4},"end":{"line":45,"column":58}},"21":{"start":{"line":46,"column":4},"end":{"line":46,"column":60}},"22":{"start":{"line":48,"column":4},"end":{"line":50,"column":6}},"23":{"start":{"line":51,"column":4},"end":{"line":51,"column":16}},"24":{"start":{"line":56,"column":36},"end":{"line":56,"column":43}},"25":{"start":{"line":57,"column":2},"end":{"line":57,"column":24}},"26":{"start":{"line":57,"column":17},"end":{"line":57,"column":24}},"27":{"start":{"line":59,"column":18},"end":{"line":59,"column":69}},"28":{"start":{"line":60,"column":2},"end":{"line":100,"column":3}},"29":{"start":{"line":61,"column":4},"end":{"line":61,"column":55}},"30":{"start":{"line":62,"column":4},"end":{"line":65,"column":6}},"31":{"start":{"line":66,"column":4},"end":{"line":66,"column":58}},"32":{"start":{"line":68,"column":4},"end":{"line":94,"column":5}},"33":{"start":{"line":69,"column":30},"end":{"line":81,"column":7}},"34":{"start":{"line":77,"column":12},"end":{"line":79,"column":67}},"35":{"start":{"line":82,"column":28},"end":{"line":82,"column":66}},"36":{"start":{"line":83,"column":22},"end":{"line":83,"column":51}},"37":{"start":{"line":85,"column":6},"end":{"line":85,"column":58}},"38":{"start":{"line":86,"column":6},"end":{"line":86,"column":79}},"39":{"start":{"line":87,"column":6},"end":{"line":89,"column":9}},"40":{"start":{"line":90,"column":6},"end":{"line":90,"column":62}},"41":{"start":{"line":91,"column":6},"end":{"line":91,"column":76}},"42":{"start":{"line":92,"column":6},"end":{"line":92,"column":58}},"43":{"start":{"line":93,"column":6},"end":{"line":93,"column":48}},"44":{"start":{"line":96,"column":4},"end":{"line":98,"column":6}},"45":{"start":{"line":99,"column":4},"end":{"line":99,"column":16}},"46":{"start":{"line":104,"column":2},"end":{"line":111,"column":3}},"47":{"start":{"line":105,"column":4},"end":{"line":105,"column":64}},"48":{"start":{"line":106,"column":4},"end":{"line":108,"column":6}},"49":{"start":{"line":110,"column":4},"end":{"line":110,"column":76}},"50":{"start":{"line":115,"column":21},"end":{"line":115,"column":23}},"51":{"start":{"line":116,"column":2},"end":{"line":156,"column":3}},"52":{"start":{"line":117,"column":4},"end":{"line":117,"column":23}},"53":{"start":{"line":118,"column":4},"end":{"line":118,"column":75}},"54":{"start":{"line":119,"column":4},"end":{"line":123,"column":6}},"55":{"start":{"line":125,"column":20},"end":{"line":125,"column":39}},"56":{"start":{"line":126,"column":69},"end":{"line":126,"column":76}},"57":{"start":{"line":127,"column":4},"end":{"line":127,"column":58}},"58":{"start":{"line":129,"column":4},"end":{"line":134,"column":6}},"59":{"start":{"line":135,"column":4},"end":{"line":135,"column":59}},"60":{"start":{"line":136,"column":4},"end":{"line":136,"column":67}},"61":{"start":{"line":137,"column":4},"end":{"line":137,"column":48}},"62":{"start":{"line":139,"column":4},"end":{"line":143,"column":6}},"63":{"start":{"line":144,"column":4},"end":{"line":144,"column":51}},"64":{"start":{"line":145,"column":4},"end":{"line":145,"column":41}},"65":{"start":{"line":146,"column":4},"end":{"line":146,"column":34}},"66":{"start":{"line":147,"column":4},"end":{"line":147,"column":34}},"67":{"start":{"line":148,"column":4},"end":{"line":150,"column":6}},"68":{"start":{"line":151,"column":4},"end":{"line":151,"column":64}},"69":{"start":{"line":153,"column":4},"end":{"line":153,"column":60}},"70":{"start":{"line":153,"column":22},"end":{"line":153,"column":60}},"71":{"start":{"line":154,"column":4},"end":{"line":154,"column":58}},"72":{"start":{"line":155,"column":4},"end":{"line":155,"column":16}},"73":{"start":{"line":159,"column":0},"end":{"line":159,"column":36}}},"fnMap":{"0":{"name":"create_package_json","decl":{"start":{"line":17,"column":15},"end":{"line":17,"column":34}},"loc":{"start":{"line":17,"column":72},"end":{"line":53,"column":1}},"line":17},"1":{"name":"initialise_git","decl":{"start":{"line":55,"column":15},"end":{"line":55,"column":29}},"loc":{"start":{"line":55,"column":53},"end":{"line":101,"column":1}},"line":55},"2":{"name":"(anonymous_2)","decl":{"start":{"line":76,"column":20},"end":{"line":76,"column":21}},"loc":{"start":{"line":77,"column":12},"end":{"line":79,"column":67}},"line":77},"3":{"name":"clean_up_on_error","decl":{"start":{"line":103,"column":15},"end":{"line":103,"column":32}},"loc":{"start":{"line":103,"column":47},"end":{"line":112,"column":1}},"line":103},"4":{"name":"create_project","decl":{"start":{"line":114,"column":15},"end":{"line":114,"column":29}},"loc":{"start":{"line":114,"column":32},"end":{"line":157,"column":1}},"line":114}},"branchMap":{"0":{"loc":{"start":{"line":35,"column":10},"end":{"line":35,"column":66}},"type":"binary-expr","locations":[{"start":{"line":35,"column":10},"end":{"line":35,"column":39}},{"start":{"line":35,"column":43},"end":{"line":35,"column":66}}],"line":35},"1":{"loc":{"start":{"line":36,"column":10},"end":{"line":36,"column":62}},"type":"binary-expr","locations":[{"start":{"line":36,"column":10},"end":{"line":36,"column":34}},{"start":{"line":36,"column":38},"end":{"line":36,"column":62}}],"line":36},"2":{"loc":{"start":{"line":57,"column":2},"end":{"line":57,"column":24}},"type":"if","locations":[{"start":{"line":57,"column":2},"end":{"line":57,"column":24}},{"start":{},"end":{}}],"line":57},"3":{"loc":{"start":{"line":68,"column":4},"end":{"line":94,"column":5}},"type":"if","locations":[{"start":{"line":68,"column":4},"end":{"line":94,"column":5}},{"start":{},"end":{}}],"line":68},"4":{"loc":{"start":{"line":77,"column":12},"end":{"line":79,"column":67}},"type":"cond-expr","locations":[{"start":{"line":78,"column":16},"end":{"line":78,"column":20}},{"start":{"line":79,"column":16},"end":{"line":79,"column":67}}],"line":77},"5":{"loc":{"start":{"line":153,"column":4},"end":{"line":153,"column":60}},"type":"if","locations":[{"start":{"line":153,"column":4},"end":{"line":153,"column":60}},{"start":{},"end":{}}],"line":153}},"s":{"0":1,"1":1,"2":1,"3":1,"4":1,"5":1,"6":1,"7":1,"8":1,"9":1,"10":1,"11":1,"12":1,"13":1,"14":1,"15":1,"16":1,"17":1,"18":1,"19":1,"20":1,"21":1,"22":0,"23":0,"24":1,"25":1,"26":1,"27":0,"28":0,"29":0,"30":0,"31":0,"32":0,"33":0,"34":0,"35":0,"36":0,"37":0,"38":0,"39":0,"40":0,"41":0,"42":0,"43":0,"44":0,"45":0,"46":0,"47":0,"48":0,"49":0,"50":1,"51":1,"52":1,"53":1,"54":1,"55":1,"56":1,"57":1,"58":1,"59":1,"60":1,"61":1,"62":1,"63":1,"64":1,"65":1,"66":1,"67":1,"68":1,"69":0,"70":0,"71":0,"72":0,"73":1},"f":{"0":1,"1":1,"2":0,"3":0,"4":1},"b":{"0":[1,0],"1":[1,0],"2":[1,0],"3":[0,0],"4":[0,0],"5":[0,0]},"_coverageSchema":"1a1c01bbd47fc00a2c39e90264f33305004495a9","hash":"8c68c4ace4f11fec6433e208288a6940769543bb"}
,"/home/mbroumsadja/germin/src/dossier.js": {"path":"/home/mbroumsadja/germin/src/dossier.js","statementMap":{"0":{"start":{"line":1,"column":11},"end":{"line":1,"column":33}},"1":{"start":{"line":2,"column":13},"end":{"line":2,"column":28}},"2":{"start":{"line":3,"column":12},"end":{"line":3,"column":26}},"3":{"start":{"line":4,"column":18},"end":{"line":4,"column":35}},"4":{"start":{"line":12,"column":18},"end":{"line":12,"column":63}},"5":{"start":{"line":13,"column":2},"end":{"line":29,"column":3}},"6":{"start":{"line":14,"column":4},"end":{"line":14,"column":33}},"7":{"start":{"line":15,"column":4},"end":{"line":15,"column":58}},"8":{"start":{"line":16,"column":4},"end":{"line":16,"column":55}},"9":{"start":{"line":17,"column":4},"end":{"line":17,"column":58}},"10":{"start":{"line":18,"column":4},"end":{"line":18,"column":59}},"11":{"start":{"line":19,"column":4},"end":{"line":22,"column":9}},"12":{"start":{"line":20,"column":6},"end":{"line":22,"column":9}},"13":{"start":{"line":23,"column":4},"end":{"line":23,"column":76}},"14":{"start":{"line":23,"column":23},"end":{"line":23,"column":76}},"15":{"start":{"line":24,"column":4},"end":{"line":24,"column":67}},"16":{"start":{"line":24,"column":17},"end":{"line":24,"column":67}},"17":{"start":{"line":25,"column":4},"end":{"line":25,"column":42}},"18":{"start":{"line":27,"column":4},"end":{"line":27,"column":58}},"19":{"start":{"line":28,"column":4},"end":{"line":28,"column":16}},"20":{"start":{"line":32,"column":0},"end":{"line":32,"column":40}}},"fnMap":{"0":{"name":"create_directories","decl":{"start":{"line":6,"column":15},"end":{"line":6,"column":33}},"loc":{"start":{"line":11,"column":2},"end":{"line":30,"column":1}},"line":11}},"branchMap":{"0":{"loc":{"start":{"line":19,"column":4},"end":{"line":22,"column":9}},"type":"if","locations":[{"start":{"line":19,"column":4},"end":{"line":22,"column":9}},{"start":{},"end":{}}],"line":19},"1":{"loc":{"start":{"line":23,"column":4},"end":{"line":23,"column":76}},"type":"if","locations":[{"start":{"line":23,"column":4},"end":{"line":23,"column":76}},{"start":{},"end":{}}],"line":23},"2":{"loc":{"start":{"line":24,"column":4},"end":{"line":24,"column":67}},"type":"if","locations":[{"start":{"line":24,"column":4},"end":{"line":24,"column":67}},{"start":{},"end":{}}],"line":24}},"s":{"0":1,"1":1,"2":1,"3":1,"4":1,"5":1,"6":1,"7":1,"8":1,"9":1,"10":1,"11":1,"12":0,"13":1,"14":0,"15":1,"16":0,"17":1,"18":0,"19":0,"20":1},"f":{"0":1},"b":{"0":[0,1],"1":[0,1],"2":[0,1]},"_coverageSchema":"1a1c01bbd47fc00a2c39e90264f33305004495a9","hash":"69a703daa4eda40bde98bae6954ea7c424ce81c2"}
,"/home/mbroumsadja/germin/src/fichier.js": {"path":"/home/mbroumsadja/germin/src/fichier.js","statementMap":{"0":{"start":{"line":1,"column":12},"end":{"line":1,"column":26}},"1":{"start":{"line":2,"column":11},"end":{"line":2,"column":33}},"2":{"start":{"line":3,"column":13},"end":{"line":3,"column":28}},"3":{"start":{"line":4,"column":18},"end":{"line":4,"column":35}},"4":{"start":{"line":5,"column":18},"end":{"line":5,"column":40}},"5":{"start":{"line":8,"column":53},"end":{"line":8,"column":60}},"6":{"start":{"line":9,"column":18},"end":{"line":9,"column":60}},"7":{"start":{"line":10,"column":2},"end":{"line":64,"column":3}},"8":{"start":{"line":11,"column":25},"end":{"line":28,"column":5}},"9":{"start":{"line":29,"column":4},"end":{"line":38,"column":5}},"10":{"start":{"line":30,"column":6},"end":{"line":32,"column":9}},"11":{"start":{"line":33,"column":26},"end":{"line":33,"column":68}},"12":{"start":{"line":34,"column":6},"end":{"line":37,"column":8}},"13":{"start":{"line":39,"column":4},"end":{"line":48,"column":5}},"14":{"start":{"line":40,"column":6},"end":{"line":47,"column":8}},"15":{"start":{"line":49,"column":4},"end":{"line":58,"column":5}},"16":{"start":{"line":50,"column":6},"end":{"line":57,"column":8}},"17":{"start":{"line":59,"column":4},"end":{"line":59,"column":36}},"18":{"start":{"line":60,"column":4},"end":{"line":60,"column":39}},"19":{"start":{"line":62,"column":4},"end":{"line":62,"column":72}},"20":{"start":{"line":63,"column":4},"end":{"line":63,"column":16}},"21":{"start":{"line":67,"column":0},"end":{"line":67,"column":33}}},"fnMap":{"0":{"name":"create_file","decl":{"start":{"line":7,"column":15},"end":{"line":7,"column":26}},"loc":{"start":{"line":7,"column":64},"end":{"line":65,"column":1}},"line":7}},"branchMap":{"0":{"loc":{"start":{"line":29,"column":4},"end":{"line":38,"column":5}},"type":"if","locations":[{"start":{"line":29,"column":4},"end":{"line":38,"column":5}},{"start":{},"end":{}}],"line":29},"1":{"loc":{"start":{"line":39,"column":4},"end":{"line":48,"column":5}},"type":"if","locations":[{"start":{"line":39,"column":4},"end":{"line":48,"column":5}},{"start":{},"end":{}}],"line":39},"2":{"loc":{"start":{"line":43,"column":10},"end":{"line":45,"column":47}},"type":"cond-expr","locations":[{"start":{"line":44,"column":14},"end":{"line":44,"column":47}},{"start":{"line":45,"column":14},"end":{"line":45,"column":47}}],"line":43},"3":{"loc":{"start":{"line":49,"column":4},"end":{"line":58,"column":5}},"type":"if","locations":[{"start":{"line":49,"column":4},"end":{"line":58,"column":5}},{"start":{},"end":{}}],"line":49},"4":{"loc":{"start":{"line":53,"column":10},"end":{"line":55,"column":52}},"type":"cond-expr","locations":[{"start":{"line":54,"column":14},"end":{"line":54,"column":58}},{"start":{"line":55,"column":14},"end":{"line":55,"column":52}}],"line":53}},"s":{"0":1,"1":1,"2":1,"3":1,"4":1,"5":1,"6":1,"7":1,"8":1,"9":1,"10":0,"11":0,"12":0,"13":1,"14":0,"15":1,"16":1,"17":1,"18":1,"19":0,"20":0,"21":1},"f":{"0":1},"b":{"0":[0,1],"1":[0,1],"2":[0,0],"3":[1,0],"4":[0,1]},"_coverageSchema":"1a1c01bbd47fc00a2c39e90264f33305004495a9","hash":"70f0cb51c5498318e6611fbf47615533e1cfbb39"}
,"/home/mbroumsadja/germin/src/path.js": {"path":"/home/mbroumsadja/germin/src/path.js","statementMap":{"0":{"start":{"line":1,"column":14},"end":{"line":15,"column":1}},"1":{"start":{"line":16,"column":0},"end":{"line":16,"column":27}}},"fnMap":{},"branchMap":{},"s":{"0":1,"1":1},"f":{},"b":{},"_coverageSchema":"1a1c01bbd47fc00a2c39e90264f33305004495a9","hash":"e195bb6eca39e1decc6c00ab1ae126e1a1e04bca"}
,"/home/mbroumsadja/germin/src/questionnaire.js": {"path":"/home/mbroumsadja/germin/src/questionnaire.js","statementMap":{"0":{"start":{"line":1,"column":17},"end":{"line":1,"column":36}},"1":{"start":{"line":2,"column":11},"end":{"line":2,"column":33}},"2":{"start":{"line":3,"column":13},"end":{"line":3,"column":28}},"3":{"start":{"line":4,"column":14},"end":{"line":4,"column":30}},"4":{"start":{"line":7,"column":20},"end":{"line":80,"column":19}},"5":{"start":{"line":16,"column":12},"end":{"line":20,"column":13}},"6":{"start":{"line":17,"column":14},"end":{"line":19,"column":16}},"7":{"start":{"line":21,"column":27},"end":{"line":24,"column":33}},"8":{"start":{"line":23,"column":26},"end":{"line":23,"column":30}},"9":{"start":{"line":24,"column":27},"end":{"line":24,"column":32}},"10":{"start":{"line":25,"column":12},"end":{"line":27,"column":21}},"11":{"start":{"line":42,"column":25},"end":{"line":42,"column":73}},"12":{"start":{"line":78,"column":25},"end":{"line":78,"column":41}},"13":{"start":{"line":82,"column":18},"end":{"line":82,"column":50}},"14":{"start":{"line":84,"column":2},"end":{"line":86,"column":3}},"15":{"start":{"line":85,"column":4},"end":{"line":85,"column":59}},"16":{"start":{"line":87,"column":2},"end":{"line":87,"column":17}},"17":{"start":{"line":90,"column":0},"end":{"line":90,"column":33}}},"fnMap":{"0":{"name":"prompt_user","decl":{"start":{"line":6,"column":15},"end":{"line":6,"column":26}},"loc":{"start":{"line":6,"column":29},"end":{"line":88,"column":1}},"line":6},"1":{"name":"(anonymous_1)","decl":{"start":{"line":15,"column":20},"end":{"line":15,"column":21}},"loc":{"start":{"line":15,"column":37},"end":{"line":28,"column":11}},"line":15},"2":{"name":"(anonymous_2)","decl":{"start":{"line":23,"column":20},"end":{"line":23,"column":21}},"loc":{"start":{"line":23,"column":26},"end":{"line":23,"column":30}},"line":23},"3":{"name":"(anonymous_3)","decl":{"start":{"line":24,"column":21},"end":{"line":24,"column":22}},"loc":{"start":{"line":24,"column":27},"end":{"line":24,"column":32}},"line":24},"4":{"name":"(anonymous_4)","decl":{"start":{"line":42,"column":12},"end":{"line":42,"column":13}},"loc":{"start":{"line":42,"column":25},"end":{"line":42,"column":73}},"line":42},"5":{"name":"(anonymous_5)","decl":{"start":{"line":78,"column":12},"end":{"line":78,"column":13}},"loc":{"start":{"line":78,"column":25},"end":{"line":78,"column":41}},"line":78}},"branchMap":{"0":{"loc":{"start":{"line":8,"column":4},"end":{"line":29,"column":9}},"type":"cond-expr","locations":[{"start":{"line":9,"column":8},"end":{"line":9,"column":12}},{"start":{"line":10,"column":8},"end":{"line":29,"column":9}}],"line":8},"1":{"loc":{"start":{"line":16,"column":12},"end":{"line":20,"column":13}},"type":"if","locations":[{"start":{"line":16,"column":12},"end":{"line":20,"column":13}},{"start":{},"end":{}}],"line":16},"2":{"loc":{"start":{"line":25,"column":19},"end":{"line":27,"column":20}},"type":"cond-expr","locations":[{"start":{"line":26,"column":16},"end":{"line":26,"column":63}},{"start":{"line":27,"column":16},"end":{"line":27,"column":20}}],"line":25},"3":{"loc":{"start":{"line":84,"column":2},"end":{"line":86,"column":3}},"type":"if","locations":[{"start":{"line":84,"column":2},"end":{"line":86,"column":3}},{"start":{},"end":{}}],"line":84}},"s":{"0":1,"1":1,"2":1,"3":1,"4":1,"5":0,"6":0,"7":0,"8":0,"9":0,"10":0,"11":0,"12":0,"13":1,"14":1,"15":0,"16":1,"17":1},"f":{"0":1,"1":0,"2":0,"3":0,"4":0,"5":0},"b":{"0":[0,1],"1":[0,0],"2":[0,0],"3":[0,1]},"_coverageSchema":"1a1c01bbd47fc00a2c39e90264f33305004495a9","hash":"3a28dc7ac5117a55574d9523d2026ae41930f932"}
,"/home/mbroumsadja/germin/src/templates.js": {"path":"/home/mbroumsadja/germin/src/templates.js","statementMap":{"0":{"start":{"line":1,"column":18},"end":{"line":877,"column":1}},"1":{"start":{"line":7,"column":4},"end":{"line":7,"column":182}},"2":{"start":{"line":17,"column":66},"end":{"line":48,"column":3}},"3":{"start":{"line":55,"column":35},"end":{"line":120,"column":3}},"4":{"start":{"line":127,"column":29},"end":{"line":204,"column":3}},"5":{"start":{"line":211,"column":24},"end":{"line":227,"column":3}},"6":{"start":{"line":234,"column":24},"end":{"line":250,"column":3}},"7":{"start":{"line":259,"column":64},"end":{"line":660,"column":3}},"8":{"start":{"line":679,"column":7},"end":{"line":789,"column":3}},"9":{"start":{"line":815,"column":17},"end":{"line":876,"column":3}},"10":{"start":{"line":879,"column":0},"end":{"line":879,"column":27}}},"fnMap":{"0":{"name":"(anonymous_0)","decl":{"start":{"line":6,"column":11},"end":{"line":6,"column":12}},"loc":{"start":{"line":7,"column":4},"end":{"line":7,"column":182}},"line":7},"1":{"name":"(anonymous_1)","decl":{"start":{"line":17,"column":8},"end":{"line":17,"column":9}},"loc":{"start":{"line":17,"column":66},"end":{"line":48,"column":3}},"line":17},"2":{"name":"(anonymous_2)","decl":{"start":{"line":55,"column":17},"end":{"line":55,"column":18}},"loc":{"start":{"line":55,"column":35},"end":{"line":120,"column":3}},"line":55},"3":{"name":"(anonymous_3)","decl":{"start":{"line":127,"column":11},"end":{"line":127,"column":12}},"loc":{"start":{"line":127,"column":29},"end":{"line":204,"column":3}},"line":127},"4":{"name":"(anonymous_4)","decl":{"start":{"line":211,"column":6},"end":{"line":211,"column":7}},"loc":{"start":{"line":211,"column":24},"end":{"line":227,"column":3}},"line":211},"5":{"name":"(anonymous_5)","decl":{"start":{"line":234,"column":6},"end":{"line":234,"column":7}},"loc":{"start":{"line":234,"column":24},"end":{"line":250,"column":3}},"line":234},"6":{"name":"(anonymous_6)","decl":{"start":{"line":259,"column":15},"end":{"line":259,"column":16}},"loc":{"start":{"line":259,"column":64},"end":{"line":660,"column":3}},"line":259},"7":{"name":"(anonymous_7)","decl":{"start":{"line":672,"column":10},"end":{"line":672,"column":11}},"loc":{"start":{"line":679,"column":7},"end":{"line":789,"column":3}},"line":679},"8":{"name":"(anonymous_8)","decl":{"start":{"line":815,"column":11},"end":{"line":815,"column":12}},"loc":{"start":{"line":815,"column":17},"end":{"line":876,"column":3}},"line":815}},"branchMap":{"0":{"loc":{"start":{"line":24,"column":4},"end":{"line":24,"column":102}},"type":"cond-expr","locations":[{"start":{"line":24,"column":21},"end":{"line":24,"column":97}},{"start":{"line":24,"column":100},"end":{"line":24,"column":102}}],"line":24},"1":{"loc":{"start":{"line":25,"column":4},"end":{"line":25,"column":145}},"type":"cond-expr","locations":[{"start":{"line":25,"column":36},"end":{"line":25,"column":140}},{"start":{"line":25,"column":143},"end":{"line":25,"column":145}}],"line":25},"2":{"loc":{"start":{"line":28,"column":4},"end":{"line":28,"column":70}},"type":"cond-expr","locations":[{"start":{"line":28,"column":14},"end":{"line":28,"column":65}},{"start":{"line":28,"column":68},"end":{"line":28,"column":70}}],"line":28},"3":{"loc":{"start":{"line":266,"column":6},"end":{"line":266,"column":105}},"type":"cond-expr","locations":[{"start":{"line":266,"column":23},"end":{"line":266,"column":100}},{"start":{"line":266,"column":103},"end":{"line":266,"column":105}}],"line":266},"4":{"loc":{"start":{"line":267,"column":6},"end":{"line":267,"column":147}},"type":"cond-expr","locations":[{"start":{"line":267,"column":38},"end":{"line":267,"column":142}},{"start":{"line":267,"column":145},"end":{"line":267,"column":147}}],"line":267},"5":{"loc":{"start":{"line":693,"column":43},"end":{"line":693,"column":116}},"type":"cond-expr","locations":[{"start":{"line":693,"column":75},"end":{"line":693,"column":111}},{"start":{"line":693,"column":114},"end":{"line":693,"column":116}}],"line":693},"6":{"loc":{"start":{"line":694,"column":30},"end":{"line":694,"column":103}},"type":"cond-expr","locations":[{"start":{"line":694,"column":40},"end":{"line":694,"column":73}},{"start":{"line":694,"column":76},"end":{"line":694,"column":103}}],"line":694},"7":{"loc":{"start":{"line":696,"column":30},"end":{"line":696,"column":129}},"type":"cond-expr","locations":[{"start":{"line":696,"column":47},"end":{"line":696,"column":99}},{"start":{"line":696,"column":102},"end":{"line":696,"column":129}}],"line":696},"8":{"loc":{"start":{"line":697,"column":30},"end":{"line":697,"column":119}},"type":"cond-expr","locations":[{"start":{"line":697,"column":46},"end":{"line":697,"column":89}},{"start":{"line":697,"column":92},"end":{"line":697,"column":119}}],"line":697},"9":{"loc":{"start":{"line":704,"column":2},"end":{"line":704,"column":78}},"type":"cond-expr","locations":[{"start":{"line":704,"column":13},"end":{"line":704,"column":73}},{"start":{"line":704,"column":76},"end":{"line":704,"column":78}}],"line":704}},"s":{"0":1,"1":0,"2":1,"3":0,"4":1,"5":0,"6":0,"7":1,"8":1,"9":1,"10":1},"f":{"0":0,"1":1,"2":0,"3":1,"4":0,"5":0,"6":1,"7":1,"8":1},"b":{"0":[0,1],"1":[0,1],"2":[0,1],"3":[0,1],"4":[0,1],"5":[0,1],"6":[0,1],"7":[0,1],"8":[0,1],"9":[0,1]},"_coverageSchema":"1a1c01bbd47fc00a2c39e90264f33305004495a9","hash":"b3bd1e1af49abb40946e5a0f44b318ab7c54d8db"}
,"/home/mbroumsadja/germin/src/utils.js": {"path":"/home/mbroumsadja/germin/src/utils.js","statementMap":{"0":{"start":{"line":1,"column":21},"end":{"line":1,"column":45}},"1":{"start":{"line":10,"column":2},"end":{"line":12,"column":3}},"2":{"start":{"line":11,"column":4},"end":{"line":11,"column":11}},"3":{"start":{"line":14,"column":2},"end":{"line":20,"column":3}},"4":{"start":{"line":15,"column":4},"end":{"line":15,"column":52}},"5":{"start":{"line":17,"column":4},"end":{"line":19,"column":6}},"6":{"start":{"line":22,"column":2},"end":{"line":28,"column":3}},"7":{"start":{"line":23,"column":4},"end":{"line":23,"column":51}},"8":{"start":{"line":25,"column":4},"end":{"line":27,"column":6}},"9":{"start":{"line":30,"column":2},"end":{"line":36,"column":3}},"10":{"start":{"line":31,"column":4},"end":{"line":31,"column":51}},"11":{"start":{"line":33,"column":4},"end":{"line":35,"column":6}},"12":{"start":{"line":39,"column":0},"end":{"line":39,"column":38}}},"fnMap":{"0":{"name":"check_requisites","decl":{"start":{"line":8,"column":9},"end":{"line":8,"column":25}},"loc":{"start":{"line":8,"column":28},"end":{"line":37,"column":1}},"line":8}},"branchMap":{"0":{"loc":{"start":{"line":10,"column":2},"end":{"line":12,"column":3}},"type":"if","locations":[{"start":{"line":10,"column":2},"end":{"line":12,"column":3}},{"start":{},"end":{}}],"line":10}},"s":{"0":1,"1":1,"2":1,"3":0,"4":0,"5":0,"6":0,"7":0,"8":0,"9":0,"10":0,"11":0,"12":1},"f":{"0":1},"b":{"0":[1,0]},"_coverageSchema":"1a1c01bbd47fc00a2c39e90264f33305004495a9","hash":"f09b78480b39a4bae17d7e9de07dad671acac8a2"}
}
