TN:
SF:src/create_project.js
FN:17,create_package_json
FN:55,initialise_git
FN:76,(anonymous_2)
FN:103,clean_up_on_error
FN:114,create_project
FNF:5
FNH:3
FNDA:1,create_package_json
FNDA:1,initialise_git
FNDA:0,(anonymous_2)
FNDA:0,clean_up_on_error
FNDA:1,create_project
DA:1,1
DA:2,1
DA:3,1
DA:4,1
DA:5,1
DA:6,1
DA:7,1
DA:8,1
DA:9,1
DA:10,1
DA:11,1
DA:12,1
DA:13,1
DA:14,1
DA:15,1
DA:18,1
DA:19,1
DA:39,1
DA:40,1
DA:44,1
DA:45,1
DA:46,1
DA:48,0
DA:51,0
DA:56,1
DA:57,1
DA:59,0
DA:60,0
DA:61,0
DA:62,0
DA:66,0
DA:68,0
DA:69,0
DA:77,0
DA:82,0
DA:83,0
DA:85,0
DA:86,0
DA:87,0
DA:90,0
DA:91,0
DA:92,0
DA:93,0
DA:96,0
DA:99,0
DA:104,0
DA:105,0
DA:106,0
DA:110,0
DA:115,1
DA:116,1
DA:117,1
DA:118,1
DA:119,1
DA:125,1
DA:126,1
DA:127,1
DA:129,1
DA:135,1
DA:136,1
DA:137,1
DA:139,1
DA:144,1
DA:145,1
DA:146,1
DA:147,1
DA:148,1
DA:151,1
DA:153,0
DA:154,0
DA:155,0
DA:159,1
LF:72
LH:44
BRDA:35,0,0,1
BRDA:35,0,1,0
BRDA:36,1,0,1
BRDA:36,1,1,0
BRDA:57,2,0,1
BRDA:57,2,1,0
BRDA:68,3,0,0
BRDA:68,3,1,0
BRDA:77,4,0,0
BRDA:77,4,1,0
BRDA:153,5,0,0
BRDA:153,5,1,0
BRF:12
BRH:3
end_of_record
TN:
SF:src/dossier.js
FN:6,create_directories
FNF:1
FNH:1
FNDA:1,create_directories
DA:1,1
DA:2,1
DA:3,1
DA:4,1
DA:12,1
DA:13,1
DA:14,1
DA:15,1
DA:16,1
DA:17,1
DA:18,1
DA:19,1
DA:20,0
DA:23,1
DA:24,1
DA:25,1
DA:27,0
DA:28,0
DA:32,1
LF:19
LH:16
BRDA:19,0,0,0
BRDA:19,0,1,1
BRDA:23,1,0,0
BRDA:23,1,1,1
BRDA:24,2,0,0
BRDA:24,2,1,1
BRF:6
BRH:3
end_of_record
TN:
SF:src/fichier.js
FN:7,create_file
FNF:1
FNH:1
FNDA:1,create_file
DA:1,1
DA:2,1
DA:3,1
DA:4,1
DA:5,1
DA:8,1
DA:9,1
DA:10,1
DA:11,1
DA:29,1
DA:30,0
DA:33,0
DA:34,0
DA:39,1
DA:40,0
DA:49,1
DA:50,1
DA:59,1
DA:60,1
DA:62,0
DA:63,0
DA:67,1
LF:22
LH:16
BRDA:29,0,0,0
BRDA:29,0,1,1
BRDA:39,1,0,0
BRDA:39,1,1,1
BRDA:43,2,0,0
BRDA:43,2,1,0
BRDA:49,3,0,1
BRDA:49,3,1,0
BRDA:53,4,0,0
BRDA:53,4,1,1
BRF:10
BRH:4
end_of_record
TN:
SF:src/path.js
FNF:0
FNH:0
DA:1,1
DA:16,1
LF:2
LH:2
BRF:0
BRH:0
end_of_record
TN:
SF:src/questionnaire.js
FN:6,prompt_user
FN:15,(anonymous_1)
FN:23,(anonymous_2)
FN:24,(anonymous_3)
FN:42,(anonymous_4)
FN:78,(anonymous_5)
FNF:6
FNH:1
FNDA:1,prompt_user
FNDA:0,(anonymous_1)
FNDA:0,(anonymous_2)
FNDA:0,(anonymous_3)
FNDA:0,(anonymous_4)
FNDA:0,(anonymous_5)
DA:1,1
DA:2,1
DA:3,1
DA:4,1
DA:7,1
DA:16,0
DA:17,0
DA:21,0
DA:23,0
DA:24,0
DA:25,0
DA:42,0
DA:78,0
DA:82,1
DA:84,1
DA:85,0
DA:87,1
DA:90,1
LF:18
LH:9
BRDA:8,0,0,0
BRDA:8,0,1,1
BRDA:16,1,0,0
BRDA:16,1,1,0
BRDA:25,2,0,0
BRDA:25,2,1,0
BRDA:84,3,0,0
BRDA:84,3,1,1
BRF:8
BRH:2
end_of_record
TN:
SF:src/templates.js
FN:6,(anonymous_0)
FN:17,(anonymous_1)
FN:55,(anonymous_2)
FN:127,(anonymous_3)
FN:211,(anonymous_4)
FN:234,(anonymous_5)
FN:259,(anonymous_6)
FN:672,(anonymous_7)
FN:815,(anonymous_8)
FNF:9
FNH:5
FNDA:0,(anonymous_0)
FNDA:1,(anonymous_1)
FNDA:0,(anonymous_2)
FNDA:1,(anonymous_3)
FNDA:0,(anonymous_4)
FNDA:0,(anonymous_5)
FNDA:1,(anonymous_6)
FNDA:1,(anonymous_7)
FNDA:1,(anonymous_8)
DA:1,1
DA:7,0
DA:17,1
DA:55,0
DA:127,1
DA:211,0
DA:234,0
DA:259,1
DA:679,1
DA:815,1
DA:879,1
LF:11
LH:7
BRDA:24,0,0,0
BRDA:24,0,1,1
BRDA:25,1,0,0
BRDA:25,1,1,1
BRDA:28,2,0,0
BRDA:28,2,1,1
BRDA:266,3,0,0
BRDA:266,3,1,1
BRDA:267,4,0,0
BRDA:267,4,1,1
BRDA:693,5,0,0
BRDA:693,5,1,1
BRDA:694,6,0,0
BRDA:694,6,1,1
BRDA:696,7,0,0
BRDA:696,7,1,1
BRDA:697,8,0,0
BRDA:697,8,1,1
BRDA:704,9,0,0
BRDA:704,9,1,1
BRF:20
BRH:10
end_of_record
TN:
SF:src/utils.js
FN:8,check_requisites
FNF:1
FNH:1
FNDA:1,check_requisites
DA:1,1
DA:10,1
DA:11,1
DA:14,0
DA:15,0
DA:17,0
DA:22,0
DA:23,0
DA:25,0
DA:30,0
DA:31,0
DA:33,0
DA:39,1
LF:13
LH:4
BRDA:10,0,0,1
BRDA:10,0,1,0
BRF:2
BRH:1
end_of_record
