TN:
SF:src/create_project.js
FN:17,create_package_json
FN:52,initialise_git
FN:71,(anonymous_2)
FN:91,clean_up_on_error
FN:100,verify_critical_files
FN:115,create_project
FNF:6
FNH:5
FNDA:1,create_package_json
FNDA:1,initialise_git
FNDA:0,(anonymous_2)
FNDA:1,clean_up_on_error
FNDA:1,verify_critical_files
FNDA:1,create_project
DA:1,1
DA:2,1
DA:3,1
DA:4,1
DA:5,1
DA:6,1
DA:7,1
DA:8,1
DA:9,1
DA:10,1
DA:11,1
DA:12,1
DA:13,1
DA:14,1
DA:15,1
DA:18,1
DA:19,1
DA:38,1
DA:39,1
DA:43,1
DA:44,1
DA:45,1
DA:47,0
DA:48,0
DA:53,1
DA:54,1
DA:56,1
DA:57,1
DA:58,1
DA:59,1
DA:63,1
DA:65,1
DA:66,1
DA:71,0
DA:74,1
DA:75,1
DA:77,1
DA:78,1
DA:79,1
DA:80,1
DA:81,1
DA:82,1
DA:83,1
DA:86,0
DA:87,0
DA:92,1
DA:93,1
DA:94,1
DA:96,0
DA:101,1
DA:106,1
DA:107,1
DA:108,1
DA:110,1
DA:116,1
DA:117,1
DA:118,1
DA:119,1
DA:122,1
DA:128,1
DA:134,1
DA:135,1
DA:137,1
DA:143,1
DA:144,1
DA:145,1
DA:146,1
DA:148,0
DA:153,0
DA:154,0
DA:155,0
DA:156,0
DA:157,0
DA:160,0
DA:162,1
DA:163,1
DA:164,1
DA:168,1
LF:78
LH:65
BRDA:34,0,0,1
BRDA:34,0,1,0
BRDA:35,1,0,1
BRDA:35,1,1,0
BRDA:54,2,0,0
BRDA:54,2,1,1
BRDA:65,3,0,1
BRDA:65,3,1,0
BRDA:71,4,0,0
BRDA:71,4,1,0
BRDA:162,5,0,1
BRDA:162,5,1,0
BRF:12
BRH:5
end_of_record
TN:
SF:src/dossier.js
FN:6,create_directories
FNF:1
FNH:1
FNDA:1,create_directories
DA:1,1
DA:2,1
DA:3,1
DA:4,1
DA:12,1
DA:13,1
DA:14,1
DA:15,1
DA:16,1
DA:17,1
DA:18,1
DA:19,1
DA:20,0
DA:23,1
DA:24,1
DA:25,1
DA:27,0
DA:28,0
DA:32,1
LF:19
LH:16
BRDA:19,0,0,0
BRDA:19,0,1,1
BRDA:23,1,0,0
BRDA:23,1,1,1
BRDA:24,2,0,1
BRDA:24,2,1,0
BRF:6
BRH:3
end_of_record
TN:
SF:src/fichier.js
FN:7,create_file
FNF:1
FNH:1
FNDA:1,create_file
DA:1,1
DA:2,1
DA:3,1
DA:4,1
DA:5,1
DA:8,1
DA:9,1
DA:10,1
DA:11,1
DA:29,1
DA:30,0
DA:31,0
DA:32,0
DA:37,1
DA:38,1
DA:47,1
DA:48,0
DA:57,1
DA:58,1
DA:60,0
DA:61,0
DA:65,1
LF:22
LH:16
BRDA:29,0,0,0
BRDA:29,0,1,1
BRDA:37,1,0,1
BRDA:37,1,1,0
BRDA:41,2,0,0
BRDA:41,2,1,1
BRDA:47,3,0,0
BRDA:47,3,1,1
BRDA:51,4,0,0
BRDA:51,4,1,0
BRF:10
BRH:4
end_of_record
TN:
SF:src/path.js
FNF:0
FNH:0
DA:1,1
DA:16,1
LF:2
LH:2
BRF:0
BRH:0
end_of_record
TN:
SF:src/questionnaire.js
FN:6,prompt_user
FN:15,(anonymous_1)
FN:21,(anonymous_2)
FN:22,(anonymous_3)
FN:38,(anonymous_4)
FN:70,(anonymous_5)
FNF:6
FNH:1
FNDA:1,prompt_user
FNDA:0,(anonymous_1)
FNDA:0,(anonymous_2)
FNDA:0,(anonymous_3)
FNDA:0,(anonymous_4)
FNDA:0,(anonymous_5)
DA:1,1
DA:2,1
DA:3,1
DA:4,1
DA:7,1
DA:16,0
DA:17,0
DA:19,0
DA:21,0
DA:22,0
DA:23,0
DA:38,0
DA:70,0
DA:74,1
DA:76,1
DA:77,0
DA:79,1
DA:82,1
LF:18
LH:9
BRDA:8,0,0,0
BRDA:8,0,1,1
BRDA:16,1,0,0
BRDA:16,1,1,0
BRDA:23,2,0,0
BRDA:23,2,1,0
BRDA:76,3,0,0
BRDA:76,3,1,1
BRF:8
BRH:2
end_of_record
TN:
SF:src/templates.js
FN:6,(anonymous_0)
FN:16,(anonymous_1)
FN:54,(anonymous_2)
FN:126,(anonymous_3)
FN:210,(anonymous_4)
FN:233,(anonymous_5)
FN:258,(anonymous_6)
FN:668,(anonymous_7)
FN:804,(anonymous_8)
FNF:9
FNH:5
FNDA:0,(anonymous_0)
FNDA:1,(anonymous_1)
FNDA:0,(anonymous_2)
FNDA:0,(anonymous_3)
FNDA:1,(anonymous_4)
FNDA:0,(anonymous_5)
FNDA:1,(anonymous_6)
FNDA:1,(anonymous_7)
FNDA:1,(anonymous_8)
DA:1,1
DA:6,0
DA:16,1
DA:54,0
DA:126,0
DA:210,1
DA:233,0
DA:258,1
DA:668,1
DA:804,1
DA:868,1
LF:11
LH:7
BRDA:23,0,0,0
BRDA:23,0,1,1
BRDA:24,1,0,0
BRDA:24,1,1,1
BRDA:27,2,0,1
BRDA:27,2,1,0
BRDA:265,3,0,0
BRDA:265,3,1,1
BRDA:266,4,0,0
BRDA:266,4,1,1
BRDA:682,5,0,0
BRDA:682,5,1,1
BRDA:683,6,0,1
BRDA:683,6,1,0
BRDA:685,7,0,0
BRDA:685,7,1,1
BRDA:686,8,0,0
BRDA:686,8,1,1
BRDA:693,9,0,0
BRDA:693,9,1,1
BRF:20
BRH:10
end_of_record
TN:
SF:src/utils.js
FN:8,check_requisites
FNF:1
FNH:1
FNDA:1,check_requisites
DA:1,1
DA:10,1
DA:11,1
DA:14,0
DA:15,0
DA:17,0
DA:21,0
DA:22,0
DA:24,0
DA:28,0
DA:29,0
DA:31,0
DA:37,1
LF:13
LH:4
BRDA:10,0,0,1
BRDA:10,0,1,0
BRF:2
BRH:1
end_of_record
